#-----------------------------------------------------------
# PlanAhead v14.7
# Build 321239 by xbuild on Fri Sep 27 19:31:35 MDT 2013
# Start of session at: Sun Apr 07 15:58:08 2019
# Process ID: 7480
# Log file: D:/Xilinx_ISE_14.7/ISE_project/mux2/planAhead_run_1/planAhead.log
# Journal file: D:/Xilinx_ISE_14.7/ISE_project/mux2/planAhead_run_1/planAhead.jou
#-----------------------------------------------------------
INFO: [Common 17-78] Attempting to get a license: PlanAhead
INFO: [Common 17-290] Got license for PlanAhead
INFO: [Common 17-86] Your PlanAhead license expires in -827 day(s)
INFO: [Device 21-36] Loading parts and site information from D:/Xilinx_ISE_14.7/14.7/ISE_DS/PlanAhead/data/parts/arch.xml
Parsing RTL primitives file [D:/Xilinx_ISE_14.7/14.7/ISE_DS/PlanAhead/data/parts/xilinx/rtl/prims/rtl_prims.xml]
Finished parsing RTL primitives file [D:/Xilinx_ISE_14.7/14.7/ISE_DS/PlanAhead/data/parts/xilinx/rtl/prims/rtl_prims.xml]
start_gui
source D:/Xilinx_ISE_14.7/ISE_project/mux2/pa.fromNetlist.tcl
# create_project -name mux2 -dir "D:/Xilinx_ISE_14.7/ISE_project/mux2/planAhead_run_1" -part xc6slx16csg324-3
# set_property design_mode GateLvl [get_property srcset [current_run -impl]]
# set_property edif_top_file "D:/Xilinx_ISE_14.7/ISE_project/mux2/mux2.ngc" [ get_property srcset [ current_run ] ]
# add_files -norecurse { {D:/Xilinx_ISE_14.7/ISE_project/mux2} }
# set_param project.pinAheadLayout  yes
# set_property target_constrs_file "mux2.ucf" [current_fileset -constrset]
Adding file 'D:/Xilinx_ISE_14.7/ISE_project/mux2/mux2.ucf' to fileset 'constrs_1'
# add_files [list {mux2.ucf}] -fileset [get_property constrset [current_run]]
# link_design
Design is defaulting to srcset: sources_1
Design is defaulting to constrset: constrs_1
Design is defaulting to project part: xc6slx16csg324-3
Release 14.7 - ngc2edif P.20131013 (nt)
Copyright (c) 1995-2013 Xilinx, Inc.  All rights reserved.

Release 14.7 - ngc2edif P.20131013 (nt)
Copyright (c) 1995-2013 Xilinx, Inc.  All rights reserved.
Reading design mux2.ngc ...
WARNING:NetListWriters:298 - No output is written to mux2.xncf, ignored.
Processing design ...
   Preping design's networks ...
   Preping design's macros ...
  finished :Prep
Writing EDIF netlist file mux2.edif ...
ngc2edif: Total memory usage is 82804 kilobytes

Parsing EDIF File [./planAhead_run_1/mux2.data/cache/mux2_ngc_zx.edif]
Finished Parsing EDIF File [./planAhead_run_1/mux2.data/cache/mux2_ngc_zx.edif]
Loading clock regions from D:/Xilinx_ISE_14.7/14.7/ISE_DS/PlanAhead/data\parts/xilinx/spartan6/spartan6lx/xc6slx16/ClockRegion.xml
Loading clock buffers from D:/Xilinx_ISE_14.7/14.7/ISE_DS/PlanAhead/data\parts/xilinx/spartan6/spartan6lx/xc6slx16/ClockBuffers.xml
Loading package pin functions from D:/Xilinx_ISE_14.7/14.7/ISE_DS/PlanAhead/data\parts/xilinx/spartan6/PinFunctions.xml...
Loading package from D:/Xilinx_ISE_14.7/14.7/ISE_DS/PlanAhead/data\parts/xilinx/spartan6/spartan6lx/xc6slx16/csg324/Package.xml
Loading io standards from D:/Xilinx_ISE_14.7/14.7/ISE_DS/PlanAhead/data\./parts/xilinx/spartan6/IOStandards.xml
Loading device configuration modes from D:/Xilinx_ISE_14.7/14.7/ISE_DS/PlanAhead/data\parts/xilinx/spartan6/ConfigModes.xml
Loading list of drcs for the architecture : D:/Xilinx_ISE_14.7/14.7/ISE_DS/PlanAhead/data\./parts/xilinx/spartan6/drc.xml
Parsing UCF File [D:/Xilinx_ISE_14.7/ISE_project/mux2/mux2.ucf]
Finished Parsing UCF File [D:/Xilinx_ISE_14.7/ISE_project/mux2/mux2.ucf]
INFO: [Project 1-111] Unisim Transformation Summary:
No Unisim elements were transformed.

Phase 0 | Netlist Checksum: 49721270
link_design: Time (s): elapsed = 00:00:06 . Memory (MB): peak = 543.320 ; gain = 103.063
startgroup
set_property package_pin V8 [get_ports {A[0]}]
endgroup
startgroup
set_property package_pin T5 [get_ports {A[1]}]
endgroup
startgroup
set_property package_pin N8 [get_ports {B[0]}]
endgroup
startgroup
set_property package_pin U8 [get_ports {B[1]}]
endgroup
startgroup
set_property package_pin T11 [get_ports {Z[2]}]
endgroup
startgroup
set_property package_pin R11 [get_ports {Z[1]}]
endgroup
save_constraints
